09:43:08  INFO      main_train                       	| Start loading data from dataset version: /Volumes/TGO_group_2026/npy_baseline
09:43:08  INFO      load_datasets                    	| 	Load version: finetune
09:43:08  INFO      load_datasets                    	| 	Loading data from /Volumes/TGO_group_2026/npy_baseline/np_x_finetune.npy
09:43:08  INFO      load_datasets                    	| 	Loading data from /Volumes/TGO_group_2026/npy_baseline/np_sv_finetune.npy
09:43:09  INFO      load_datasets                    	| 	Loading data from /Volumes/TGO_group_2026/npy_baseline/np_a_finetune.npy
09:43:09  INFO      load_datasets                    	| 	Loading data from /Volumes/TGO_group_2026/npy_baseline/np_c_finetune.npy
09:43:09  INFO      main_train                       	| Data loading done. Length of Data: 54367 samples
09:43:09  INFO      main_train                       	| Available GPUs: 0, Number of workers set to: 0
09:43:09  INFO      main_train                       	| 	Start building train dataset generator
09:43:37  INFO      main_train                       	| 	Start building validation dataset generator
09:43:46  INFO      main_train                       	| Data loading and generator building finished, elapsed time: 00:37
09:43:46  INFO      main_train                       	| Start training with learning rate scheduler: StepLR
09:43:47  INFO      train_with_lr_scheduler          	| Start model training
09:43:47  INFO      train_with_lr_scheduler          	| --------------------
09:53:35  INFO      train_with_lr_scheduler          	| [Epoch: 1, step: 0] / lr = 0.001
09:53:35  INFO      train_with_lr_scheduler          	| 	Train loss: 63.1779670715332, 	 Validation loss: 58.756221771240234
09:53:35  INFO      train_with_lr_scheduler          	|   Elapsed Time for 200 step: 588.3406040668488s
09:53:35  INFO      EarlyStopping                    	| Validation loss decreased (inf --> 58.756222).  Saving model ...
10:31:15  INFO      train_with_lr_scheduler          	| End training epoch number 1 from 100 / at 2847.988776922226s
10:31:15  INFO      train_with_lr_scheduler          	| Current best validation loss = 58.756221771240234
10:31:15  INFO      train_with_lr_scheduler          	| --------------------
10:31:15  INFO      train_with_lr_scheduler          	|  
10:42:11  INFO      train_with_lr_scheduler          	| [Epoch: 2, step: 0] / lr = 0.001
10:42:11  INFO      train_with_lr_scheduler          	| 	Train loss: 63.3394660949707, 	 Validation loss: 64.76092529296875
10:42:11  INFO      train_with_lr_scheduler          	|   Elapsed Time for 200 step: 656.572019815445s
10:42:11  INFO      EarlyStopping                    	| EarlyStopping counter: 1 out of 200
11:20:23  INFO      train_with_lr_scheduler          	| End training epoch number 2 from 100 / at 2947.9978868961334s
11:20:23  INFO      train_with_lr_scheduler          	| Current best validation loss = 58.756221771240234
11:20:23  INFO      train_with_lr_scheduler          	| --------------------
11:20:23  INFO      train_with_lr_scheduler          	|  
11:29:51  INFO      train_with_lr_scheduler          	| [Epoch: 3, step: 0] / lr = 0.001
11:29:51  INFO      train_with_lr_scheduler          	| 	Train loss: 62.205543518066406, 	 Validation loss: 62.87215805053711
11:29:51  INFO      train_with_lr_scheduler          	|   Elapsed Time for 200 step: 567.8277478218079s
11:29:51  INFO      EarlyStopping                    	| EarlyStopping counter: 2 out of 200
12:07:13  INFO      train_with_lr_scheduler          	| End training epoch number 3 from 100 / at 2810.538433790207s
12:07:13  INFO      train_with_lr_scheduler          	| Current best validation loss = 58.756221771240234
12:07:13  INFO      train_with_lr_scheduler          	| --------------------
12:07:13  INFO      train_with_lr_scheduler          	|  
12:16:57  INFO      train_with_lr_scheduler          	| [Epoch: 4, step: 0] / lr = 0.001
12:16:57  INFO      train_with_lr_scheduler          	| 	Train loss: 61.035396575927734, 	 Validation loss: 60.445167541503906
12:16:57  INFO      train_with_lr_scheduler          	|   Elapsed Time for 200 step: 583.817574262619s
12:16:57  INFO      EarlyStopping                    	| EarlyStopping counter: 3 out of 200
12:53:58  INFO      train_with_lr_scheduler          	| End training epoch number 4 from 100 / at 2805.152228116989s
12:53:58  INFO      train_with_lr_scheduler          	| Current best validation loss = 58.756221771240234
12:53:58  INFO      train_with_lr_scheduler          	| --------------------
12:53:58  INFO      train_with_lr_scheduler          	|  
13:03:33  INFO      train_with_lr_scheduler          	| [Epoch: 5, step: 0] / lr = 0.001
13:03:33  INFO      train_with_lr_scheduler          	| 	Train loss: 56.138671875, 	 Validation loss: 59.05801773071289
13:03:33  INFO      train_with_lr_scheduler          	|   Elapsed Time for 200 step: 574.756646156311s
13:03:33  INFO      EarlyStopping                    	| EarlyStopping counter: 4 out of 200
13:41:21  INFO      train_with_lr_scheduler          	| End training epoch number 5 from 100 / at 2842.5182931423187s
13:41:21  INFO      train_with_lr_scheduler          	| Current best validation loss = 58.756221771240234
13:41:21  INFO      train_with_lr_scheduler          	| --------------------
13:41:21  INFO      train_with_lr_scheduler          	|  
13:51:06  INFO      train_with_lr_scheduler          	| [Epoch: 6, step: 0] / lr = 0.001
13:51:06  INFO      train_with_lr_scheduler          	| 	Train loss: 55.37857437133789, 	 Validation loss: 57.50922393798828
13:51:06  INFO      train_with_lr_scheduler          	|   Elapsed Time for 200 step: 585.103030204773s
13:51:06  INFO      EarlyStopping                    	| Validation loss decreased (58.756222 --> 57.509224).  Saving model ...
14:28:42  INFO      train_with_lr_scheduler          	| End training epoch number 6 from 100 / at 2841.071401119232s
14:28:42  INFO      train_with_lr_scheduler          	| Current best validation loss = 57.50922393798828
14:28:42  INFO      train_with_lr_scheduler          	| --------------------
14:28:42  INFO      train_with_lr_scheduler          	|  
14:38:31  INFO      train_with_lr_scheduler          	| [Epoch: 7, step: 0] / lr = 0.001
14:38:31  INFO      train_with_lr_scheduler          	| 	Train loss: 52.8269157409668, 	 Validation loss: 54.567100524902344
14:38:31  INFO      train_with_lr_scheduler          	|   Elapsed Time for 200 step: 589.419839143753s
14:38:31  INFO      EarlyStopping                    	| Validation loss decreased (57.509224 --> 54.567101).  Saving model ...
16:05:25  INFO      train_with_lr_scheduler          	| End training epoch number 7 from 100 / at 5803.119567155838s
16:05:25  INFO      train_with_lr_scheduler          	| Current best validation loss = 54.567100524902344
16:05:25  INFO      train_with_lr_scheduler          	| --------------------
16:05:25  INFO      train_with_lr_scheduler          	|  
16:15:07  INFO      train_with_lr_scheduler          	| [Epoch: 8, step: 0] / lr = 0.001
16:15:07  INFO      train_with_lr_scheduler          	| 	Train loss: 49.86980438232422, 	 Validation loss: 51.43141555786133
16:15:07  INFO      train_with_lr_scheduler          	|   Elapsed Time for 200 step: 581.957957983017s
16:15:07  INFO      EarlyStopping                    	| Validation loss decreased (54.567101 --> 51.431416).  Saving model ...
16:52:27  INFO      train_with_lr_scheduler          	| End training epoch number 8 from 100 / at 2821.7729539871216s
16:52:27  INFO      train_with_lr_scheduler          	| Current best validation loss = 51.43141555786133
16:52:27  INFO      train_with_lr_scheduler          	| --------------------
16:52:27  INFO      train_with_lr_scheduler          	|  
17:01:53  INFO      train_with_lr_scheduler          	| [Epoch: 9, step: 0] / lr = 0.001
17:01:53  INFO      train_with_lr_scheduler          	| 	Train loss: 46.56843185424805, 	 Validation loss: 48.92060852050781
17:01:53  INFO      train_with_lr_scheduler          	|   Elapsed Time for 200 step: 566.3827118873596s
17:01:53  INFO      EarlyStopping                    	| Validation loss decreased (51.431416 --> 48.920609).  Saving model ...
17:38:56  INFO      train_with_lr_scheduler          	| End training epoch number 9 from 100 / at 2789.156327724457s
17:38:56  INFO      train_with_lr_scheduler          	| Current best validation loss = 48.92060852050781
17:38:56  INFO      train_with_lr_scheduler          	| --------------------
17:38:56  INFO      train_with_lr_scheduler          	|  
17:48:32  INFO      train_with_lr_scheduler          	| [Epoch: 10, step: 0] / lr = 0.001
17:48:32  INFO      train_with_lr_scheduler          	| 	Train loss: 43.74414825439453, 	 Validation loss: 46.395137786865234
17:48:32  INFO      train_with_lr_scheduler          	|   Elapsed Time for 200 step: 575.720850944519s
17:48:32  INFO      EarlyStopping                    	| Validation loss decreased (48.920609 --> 46.395138).  Saving model ...
18:26:00  INFO      train_with_lr_scheduler          	| End training epoch number 10 from 100 / at 2823.617542743683s
18:26:00  INFO      train_with_lr_scheduler          	| Current best validation loss = 46.395137786865234
18:26:00  INFO      train_with_lr_scheduler          	| --------------------
18:26:00  INFO      train_with_lr_scheduler          	|  
18:35:33  INFO      train_with_lr_scheduler          	| [Epoch: 11, step: 0] / lr = 0.001
18:35:33  INFO      train_with_lr_scheduler          	| 	Train loss: 40.68470001220703, 	 Validation loss: 41.509098052978516
18:35:33  INFO      train_with_lr_scheduler          	|   Elapsed Time for 200 step: 572.797954082489s
18:35:33  INFO      EarlyStopping                    	| Validation loss decreased (46.395138 --> 41.509098).  Saving model ...
19:12:23  INFO      train_with_lr_scheduler          	| End training epoch number 11 from 100 / at 2783.661840200424s
19:12:23  INFO      train_with_lr_scheduler          	| Current best validation loss = 41.509098052978516
19:12:23  INFO      train_with_lr_scheduler          	| --------------------
19:12:23  INFO      train_with_lr_scheduler          	|  
19:21:51  INFO      train_with_lr_scheduler          	| [Epoch: 12, step: 0] / lr = 0.001
19:21:51  INFO      train_with_lr_scheduler          	| 	Train loss: 35.2532844543457, 	 Validation loss: 38.26646423339844
19:21:51  INFO      train_with_lr_scheduler          	|   Elapsed Time for 200 step: 567.8491859436035s
19:21:51  INFO      EarlyStopping                    	| Validation loss decreased (41.509098 --> 38.266464).  Saving model ...
19:58:42  INFO      train_with_lr_scheduler          	| End training epoch number 12 from 100 / at 2778.7278549671173s
19:58:42  INFO      train_with_lr_scheduler          	| Current best validation loss = 38.26646423339844
19:58:42  INFO      train_with_lr_scheduler          	| --------------------
19:58:42  INFO      train_with_lr_scheduler          	|  
20:08:10  INFO      train_with_lr_scheduler          	| [Epoch: 13, step: 0] / lr = 0.001
20:08:10  INFO      train_with_lr_scheduler          	| 	Train loss: 30.83188247680664, 	 Validation loss: 35.65521240234375
20:08:10  INFO      train_with_lr_scheduler          	|   Elapsed Time for 200 step: 567.7130510807037s
20:08:10  INFO      EarlyStopping                    	| Validation loss decreased (38.266464 --> 35.655212).  Saving model ...
20:44:59  INFO      train_with_lr_scheduler          	| End training epoch number 13 from 100 / at 2776.3562021255493s
20:44:59  INFO      train_with_lr_scheduler          	| Current best validation loss = 35.65521240234375
20:44:59  INFO      train_with_lr_scheduler          	| --------------------
20:44:59  INFO      train_with_lr_scheduler          	|  
20:54:26  INFO      train_with_lr_scheduler          	| [Epoch: 14, step: 0] / lr = 0.001
20:54:26  INFO      train_with_lr_scheduler          	| 	Train loss: 25.889554977416992, 	 Validation loss: 32.072242736816406
20:54:26  INFO      train_with_lr_scheduler          	|   Elapsed Time for 200 step: 567.0716259479523s
20:54:26  INFO      EarlyStopping                    	| Validation loss decreased (35.655212 --> 32.072243).  Saving model ...
21:31:20  INFO      train_with_lr_scheduler          	| End training epoch number 14 from 100 / at 2780.984370946884s
21:31:20  INFO      train_with_lr_scheduler          	| Current best validation loss = 32.072242736816406
21:31:20  INFO      train_with_lr_scheduler          	| --------------------
21:31:20  INFO      train_with_lr_scheduler          	|  
21:40:47  INFO      train_with_lr_scheduler          	| [Epoch: 15, step: 0] / lr = 0.001
21:40:47  INFO      train_with_lr_scheduler          	| 	Train loss: 24.66731071472168, 	 Validation loss: 22.6243896484375
21:40:47  INFO      train_with_lr_scheduler          	|   Elapsed Time for 200 step: 567.5824830532074s
21:40:47  INFO      EarlyStopping                    	| Validation loss decreased (32.072243 --> 22.624390).  Saving model ...
22:17:39  INFO      train_with_lr_scheduler          	| End training epoch number 15 from 100 / at 2779.194173336029s
22:17:39  INFO      train_with_lr_scheduler          	| Current best validation loss = 22.6243896484375
22:17:39  INFO      train_with_lr_scheduler          	| --------------------
22:17:39  INFO      train_with_lr_scheduler          	|  
22:27:09  INFO      train_with_lr_scheduler          	| [Epoch: 16, step: 0] / lr = 0.001
22:27:09  INFO      train_with_lr_scheduler          	| 	Train loss: 17.860624313354492, 	 Validation loss: 13.455442428588867
22:27:09  INFO      train_with_lr_scheduler          	|   Elapsed Time for 200 step: 569.7510228157043s
22:27:09  INFO      EarlyStopping                    	| Validation loss decreased (22.624390 --> 13.455442).  Saving model ...
23:03:55  INFO      train_with_lr_scheduler          	| End training epoch number 16 from 100 / at 2776.113774061203s
23:03:55  INFO      train_with_lr_scheduler          	| Current best validation loss = 13.455442428588867
23:03:55  INFO      train_with_lr_scheduler          	| --------------------
23:03:55  INFO      train_with_lr_scheduler          	|  
23:13:22  INFO      train_with_lr_scheduler          	| [Epoch: 17, step: 0] / lr = 0.001
23:13:22  INFO      train_with_lr_scheduler          	| 	Train loss: 14.992931365966797, 	 Validation loss: 11.13431453704834
23:13:22  INFO      train_with_lr_scheduler          	|   Elapsed Time for 200 step: 566.6191039085388s
23:13:22  INFO      EarlyStopping                    	| Validation loss decreased (13.455442 --> 11.134315).  Saving model ...
23:50:09  INFO      train_with_lr_scheduler          	| End training epoch number 17 from 100 / at 2774.1243059635162s
23:50:09  INFO      train_with_lr_scheduler          	| Current best validation loss = 11.13431453704834
23:50:09  INFO      train_with_lr_scheduler          	| --------------------
23:50:09  INFO      train_with_lr_scheduler          	|  
23:59:33  INFO      train_with_lr_scheduler          	| [Epoch: 18, step: 0] / lr = 0.001
23:59:33  INFO      train_with_lr_scheduler          	| 	Train loss: 11.012662887573242, 	 Validation loss: 11.458439826965332
23:59:33  INFO      train_with_lr_scheduler          	|   Elapsed Time for 200 step: 563.9116961956024s
23:59:33  INFO      EarlyStopping                    	| EarlyStopping counter: 1 out of 200
00:36:26  INFO      train_with_lr_scheduler          	| End training epoch number 18 from 100 / at 2776.5115711688995s
00:36:26  INFO      train_with_lr_scheduler          	| Current best validation loss = 11.13431453704834
00:36:26  INFO      train_with_lr_scheduler          	| --------------------
00:36:26  INFO      train_with_lr_scheduler          	|  
00:45:51  INFO      train_with_lr_scheduler          	| [Epoch: 19, step: 0] / lr = 0.001
00:45:51  INFO      train_with_lr_scheduler          	| 	Train loss: 9.574565887451172, 	 Validation loss: 15.339702606201172
00:45:51  INFO      train_with_lr_scheduler          	|   Elapsed Time for 200 step: 565.5856308937073s
00:45:51  INFO      EarlyStopping                    	| EarlyStopping counter: 2 out of 200
01:22:35  INFO      train_with_lr_scheduler          	| End training epoch number 19 from 100 / at 2769.237743139267s
01:22:35  INFO      train_with_lr_scheduler          	| Current best validation loss = 11.13431453704834
01:22:35  INFO      train_with_lr_scheduler          	| --------------------
01:22:35  INFO      train_with_lr_scheduler          	|  
01:32:01  INFO      train_with_lr_scheduler          	| [Epoch: 20, step: 0] / lr = 0.001
01:32:01  INFO      train_with_lr_scheduler          	| 	Train loss: 10.40443229675293, 	 Validation loss: 11.161529541015625
01:32:01  INFO      train_with_lr_scheduler          	|   Elapsed Time for 200 step: 566.1669888496399s
01:32:01  INFO      EarlyStopping                    	| EarlyStopping counter: 3 out of 200
02:08:47  INFO      train_with_lr_scheduler          	| End training epoch number 20 from 100 / at 2771.7908658981323s
02:08:47  INFO      train_with_lr_scheduler          	| Current best validation loss = 11.13431453704834
02:08:47  INFO      train_with_lr_scheduler          	| --------------------
02:08:47  INFO      train_with_lr_scheduler          	|  
02:18:18  INFO      train_with_lr_scheduler          	| [Epoch: 21, step: 0] / lr = 0.001
02:18:18  INFO      train_with_lr_scheduler          	| 	Train loss: 10.101590156555176, 	 Validation loss: 9.995317459106445
02:18:18  INFO      train_with_lr_scheduler          	|   Elapsed Time for 200 step: 571.8390967845917s
02:18:18  INFO      EarlyStopping                    	| Validation loss decreased (11.134315 --> 9.995317).  Saving model ...
02:55:08  INFO      train_with_lr_scheduler          	| End training epoch number 21 from 100 / at 2781.2469987869263s
02:55:08  INFO      train_with_lr_scheduler          	| Current best validation loss = 9.995317459106445
02:55:08  INFO      train_with_lr_scheduler          	| --------------------
02:55:08  INFO      train_with_lr_scheduler          	|  
03:04:33  INFO      train_with_lr_scheduler          	| [Epoch: 22, step: 0] / lr = 0.001
03:04:33  INFO      train_with_lr_scheduler          	| 	Train loss: 9.000808715820312, 	 Validation loss: 14.323738098144531
03:04:33  INFO      train_with_lr_scheduler          	|   Elapsed Time for 200 step: 564.7930009365082s
03:04:33  INFO      EarlyStopping                    	| EarlyStopping counter: 1 out of 200
03:41:28  INFO      train_with_lr_scheduler          	| End training epoch number 22 from 100 / at 2780.4721570014954s
03:41:28  INFO      train_with_lr_scheduler          	| Current best validation loss = 9.995317459106445
03:41:28  INFO      train_with_lr_scheduler          	| --------------------
03:41:28  INFO      train_with_lr_scheduler          	|  
03:50:52  INFO      train_with_lr_scheduler          	| [Epoch: 23, step: 0] / lr = 0.001
03:50:52  INFO      train_with_lr_scheduler          	| 	Train loss: 10.019586563110352, 	 Validation loss: 10.40113353729248
03:50:52  INFO      train_with_lr_scheduler          	|   Elapsed Time for 200 step: 564.0787446498871s
03:50:52  INFO      EarlyStopping                    	| EarlyStopping counter: 2 out of 200
04:27:44  INFO      train_with_lr_scheduler          	| End training epoch number 23 from 100 / at 2776.099045753479s
04:27:44  INFO      train_with_lr_scheduler          	| Current best validation loss = 9.995317459106445
04:27:44  INFO      train_with_lr_scheduler          	| --------------------
04:27:44  INFO      train_with_lr_scheduler          	|  
04:37:11  INFO      train_with_lr_scheduler          	| [Epoch: 24, step: 0] / lr = 0.001
04:37:11  INFO      train_with_lr_scheduler          	| 	Train loss: 10.613664627075195, 	 Validation loss: 13.946150779724121
04:37:11  INFO      train_with_lr_scheduler          	|   Elapsed Time for 200 step: 566.3090491294861s
04:37:11  INFO      EarlyStopping                    	| EarlyStopping counter: 3 out of 200
05:14:02  INFO      train_with_lr_scheduler          	| End training epoch number 24 from 100 / at 2777.274336338043s
05:14:02  INFO      train_with_lr_scheduler          	| Current best validation loss = 9.995317459106445
05:14:02  INFO      train_with_lr_scheduler          	| --------------------
05:14:02  INFO      train_with_lr_scheduler          	|  
05:23:27  INFO      train_with_lr_scheduler          	| [Epoch: 25, step: 0] / lr = 0.001
05:23:27  INFO      train_with_lr_scheduler          	| 	Train loss: 9.364006042480469, 	 Validation loss: 10.583754539489746
05:23:27  INFO      train_with_lr_scheduler          	|   Elapsed Time for 200 step: 565.3456060886383s
05:23:27  INFO      EarlyStopping                    	| EarlyStopping counter: 4 out of 200
06:00:14  INFO      train_with_lr_scheduler          	| End training epoch number 25 from 100 / at 2772.6623542308807s
06:00:14  INFO      train_with_lr_scheduler          	| Current best validation loss = 9.995317459106445
06:00:14  INFO      train_with_lr_scheduler          	| --------------------
06:00:14  INFO      train_with_lr_scheduler          	|  
06:09:44  INFO      train_with_lr_scheduler          	| [Epoch: 26, step: 0] / lr = 0.001
06:09:44  INFO      train_with_lr_scheduler          	| 	Train loss: 10.773064613342285, 	 Validation loss: 13.843996047973633
06:09:44  INFO      train_with_lr_scheduler          	|   Elapsed Time for 200 step: 569.8951387405396s
06:09:44  INFO      EarlyStopping                    	| EarlyStopping counter: 5 out of 200
06:46:40  INFO      train_with_lr_scheduler          	| End training epoch number 26 from 100 / at 2785.2569239139557s
06:46:40  INFO      train_with_lr_scheduler          	| Current best validation loss = 9.995317459106445
06:46:40  INFO      train_with_lr_scheduler          	| --------------------
06:46:40  INFO      train_with_lr_scheduler          	|  
06:56:07  INFO      train_with_lr_scheduler          	| [Epoch: 27, step: 0] / lr = 0.001
06:56:07  INFO      train_with_lr_scheduler          	| 	Train loss: 9.763050079345703, 	 Validation loss: 14.35222053527832
06:56:07  INFO      train_with_lr_scheduler          	|   Elapsed Time for 200 step: 567.6062300205231s
06:56:07  INFO      EarlyStopping                    	| EarlyStopping counter: 6 out of 200
07:32:53  INFO      train_with_lr_scheduler          	| End training epoch number 27 from 100 / at 2772.8265838623047s
07:32:53  INFO      train_with_lr_scheduler          	| Current best validation loss = 9.995317459106445
07:32:53  INFO      train_with_lr_scheduler          	| --------------------
07:32:53  INFO      train_with_lr_scheduler          	|  
07:42:24  INFO      train_with_lr_scheduler          	| [Epoch: 28, step: 0] / lr = 0.001
07:42:24  INFO      train_with_lr_scheduler          	| 	Train loss: 8.960233688354492, 	 Validation loss: 14.311971664428711
07:42:24  INFO      train_with_lr_scheduler          	|   Elapsed Time for 200 step: 571.6470792293549s
07:42:24  INFO      EarlyStopping                    	| EarlyStopping counter: 7 out of 200
08:19:13  INFO      train_with_lr_scheduler          	| End training epoch number 28 from 100 / at 2780.739065170288s
08:19:13  INFO      train_with_lr_scheduler          	| Current best validation loss = 9.995317459106445
08:19:13  INFO      train_with_lr_scheduler          	| --------------------
08:19:13  INFO      train_with_lr_scheduler          	|  
08:28:42  INFO      train_with_lr_scheduler          	| [Epoch: 29, step: 0] / lr = 0.001
08:28:42  INFO      train_with_lr_scheduler          	| 	Train loss: 10.602203369140625, 	 Validation loss: 10.997167587280273
08:28:42  INFO      train_with_lr_scheduler          	|   Elapsed Time for 200 step: 568.5216760635376s
08:28:42  INFO      EarlyStopping                    	| EarlyStopping counter: 8 out of 200
09:05:37  INFO      train_with_lr_scheduler          	| End training epoch number 29 from 100 / at 2783.889825105667s
09:05:37  INFO      train_with_lr_scheduler          	| Current best validation loss = 9.995317459106445
09:05:37  INFO      train_with_lr_scheduler          	| --------------------
09:05:37  INFO      train_with_lr_scheduler          	|  
09:15:02  INFO      train_with_lr_scheduler          	| [Epoch: 30, step: 0] / lr = 0.001
09:15:02  INFO      train_with_lr_scheduler          	| 	Train loss: 9.036829948425293, 	 Validation loss: 12.950559616088867
09:15:02  INFO      train_with_lr_scheduler          	|   Elapsed Time for 200 step: 564.5155789852142s
09:15:02  INFO      EarlyStopping                    	| EarlyStopping counter: 9 out of 200
09:51:57  INFO      train_with_lr_scheduler          	| End training epoch number 30 from 100 / at 2779.397670984268s
09:51:57  INFO      train_with_lr_scheduler          	| Current best validation loss = 9.995317459106445
09:51:57  INFO      train_with_lr_scheduler          	| --------------------
09:51:57  INFO      train_with_lr_scheduler          	|  
10:01:23  INFO      train_with_lr_scheduler          	| [Epoch: 31, step: 0] / lr = 0.001
10:01:23  INFO      train_with_lr_scheduler          	| 	Train loss: 8.270071983337402, 	 Validation loss: 9.316204071044922
10:01:23  INFO      train_with_lr_scheduler          	|   Elapsed Time for 200 step: 566.4890151023865s
10:01:23  INFO      EarlyStopping                    	| Validation loss decreased (9.995317 --> 9.316204).  Saving model ...
10:38:19  INFO      train_with_lr_scheduler          	| End training epoch number 31 from 100 / at 2782.026468038559s
10:38:19  INFO      train_with_lr_scheduler          	| Current best validation loss = 9.316204071044922
10:38:19  INFO      train_with_lr_scheduler          	| --------------------
10:38:19  INFO      train_with_lr_scheduler          	|  
10:47:49  INFO      train_with_lr_scheduler          	| [Epoch: 32, step: 0] / lr = 0.001
10:47:49  INFO      train_with_lr_scheduler          	| 	Train loss: 11.5596342086792, 	 Validation loss: 16.01409339904785
10:47:49  INFO      train_with_lr_scheduler          	|   Elapsed Time for 200 step: 570.5457429885864s
10:47:49  INFO      EarlyStopping                    	| EarlyStopping counter: 1 out of 200
11:24:37  INFO      train_with_lr_scheduler          	| End training epoch number 32 from 100 / at 2778.8131721019745s
11:24:37  INFO      train_with_lr_scheduler          	| Current best validation loss = 9.316204071044922
11:24:37  INFO      train_with_lr_scheduler          	| --------------------
11:24:37  INFO      train_with_lr_scheduler          	|  
11:34:09  INFO      train_with_lr_scheduler          	| [Epoch: 33, step: 0] / lr = 0.001
11:34:09  INFO      train_with_lr_scheduler          	| 	Train loss: 8.871235847473145, 	 Validation loss: 18.374521255493164
11:34:09  INFO      train_with_lr_scheduler          	|   Elapsed Time for 200 step: 571.8514251708984s
11:34:09  INFO      EarlyStopping                    	| EarlyStopping counter: 2 out of 200
12:48:25  INFO      train_with_lr_scheduler          	| End training epoch number 33 from 100 / at 5027.293124914169s
12:48:25  INFO      train_with_lr_scheduler          	| Current best validation loss = 9.316204071044922
12:48:25  INFO      train_with_lr_scheduler          	| --------------------
12:48:25  INFO      train_with_lr_scheduler          	|  
12:57:57  INFO      train_with_lr_scheduler          	| [Epoch: 34, step: 0] / lr = 0.001
12:57:57  INFO      train_with_lr_scheduler          	| 	Train loss: 8.264830589294434, 	 Validation loss: 10.640006065368652
12:57:57  INFO      train_with_lr_scheduler          	|   Elapsed Time for 200 step: 572.3778290748596s
12:57:57  INFO      EarlyStopping                    	| EarlyStopping counter: 3 out of 200
13:35:08  INFO      train_with_lr_scheduler          	| End training epoch number 34 from 100 / at 2803.115026950836s
13:35:08  INFO      train_with_lr_scheduler          	| Current best validation loss = 9.316204071044922
13:35:08  INFO      train_with_lr_scheduler          	| --------------------
13:35:08  INFO      train_with_lr_scheduler          	|  
13:44:39  INFO      train_with_lr_scheduler          	| [Epoch: 35, step: 0] / lr = 0.001
13:44:39  INFO      train_with_lr_scheduler          	| 	Train loss: 9.197118759155273, 	 Validation loss: 9.35385513305664
13:44:39  INFO      train_with_lr_scheduler          	|   Elapsed Time for 200 step: 571.1355509757996s
13:44:39  INFO      EarlyStopping                    	| EarlyStopping counter: 4 out of 200
14:23:22  INFO      train_with_lr_scheduler          	| End training epoch number 35 from 100 / at 2894.595631122589s
14:23:23  INFO      train_with_lr_scheduler          	| Current best validation loss = 9.316204071044922
14:23:23  INFO      train_with_lr_scheduler          	| --------------------
14:23:23  INFO      train_with_lr_scheduler          	|  
14:32:57  INFO      train_with_lr_scheduler          	| [Epoch: 36, step: 0] / lr = 0.001
14:32:57  INFO      train_with_lr_scheduler          	| 	Train loss: 9.758647918701172, 	 Validation loss: 10.827990531921387
14:32:57  INFO      train_with_lr_scheduler          	|   Elapsed Time for 200 step: 574.6383981704712s
14:32:57  INFO      EarlyStopping                    	| EarlyStopping counter: 5 out of 200
15:10:47  INFO      train_with_lr_scheduler          	| End training epoch number 36 from 100 / at 2844.4869570732117s
15:10:47  INFO      train_with_lr_scheduler          	| Current best validation loss = 9.316204071044922
15:10:47  INFO      train_with_lr_scheduler          	| --------------------
15:10:47  INFO      train_with_lr_scheduler          	|  
15:20:30  INFO      train_with_lr_scheduler          	| [Epoch: 37, step: 0] / lr = 0.001
15:20:30  INFO      train_with_lr_scheduler          	| 	Train loss: 9.48497200012207, 	 Validation loss: 10.620610237121582
15:20:30  INFO      train_with_lr_scheduler          	|   Elapsed Time for 200 step: 582.6636388301849s
15:20:30  INFO      EarlyStopping                    	| EarlyStopping counter: 6 out of 200
15:58:31  INFO      train_with_lr_scheduler          	| End training epoch number 37 from 100 / at 2863.7302508354187s
15:58:31  INFO      train_with_lr_scheduler          	| Current best validation loss = 9.316204071044922
15:58:31  INFO      train_with_lr_scheduler          	| --------------------
15:58:31  INFO      train_with_lr_scheduler          	|  
17:07:34  INFO      train_with_lr_scheduler          	| [Epoch: 38, step: 0] / lr = 0.001
17:07:34  INFO      train_with_lr_scheduler          	| 	Train loss: 9.24668025970459, 	 Validation loss: 10.490263938903809
17:07:34  INFO      train_with_lr_scheduler          	|   Elapsed Time for 200 step: 4143.291717767715s
17:07:34  INFO      EarlyStopping                    	| EarlyStopping counter: 7 out of 200
17:44:59  INFO      train_with_lr_scheduler          	| End training epoch number 38 from 100 / at 6387.91410779953s
17:44:59  INFO      train_with_lr_scheduler          	| Current best validation loss = 9.316204071044922
17:44:59  INFO      train_with_lr_scheduler          	| --------------------
17:44:59  INFO      train_with_lr_scheduler          	|  
17:54:28  INFO      train_with_lr_scheduler          	| [Epoch: 39, step: 0] / lr = 0.001
17:54:28  INFO      train_with_lr_scheduler          	| 	Train loss: 8.865837097167969, 	 Validation loss: 10.699892044067383
17:54:28  INFO      train_with_lr_scheduler          	|   Elapsed Time for 200 step: 569.4703528881073s
17:54:28  INFO      EarlyStopping                    	| EarlyStopping counter: 8 out of 200
18:31:18  INFO      train_with_lr_scheduler          	| End training epoch number 39 from 100 / at 2778.900352716446s
18:31:18  INFO      train_with_lr_scheduler          	| Current best validation loss = 9.316204071044922
18:31:18  INFO      train_with_lr_scheduler          	| --------------------
18:31:18  INFO      train_with_lr_scheduler          	|  
18:40:53  INFO      train_with_lr_scheduler          	| [Epoch: 40, step: 0] / lr = 0.001
18:40:53  INFO      train_with_lr_scheduler          	| 	Train loss: 9.236576080322266, 	 Validation loss: 10.49682903289795
18:40:53  INFO      train_with_lr_scheduler          	|   Elapsed Time for 200 step: 575.6141130924225s
18:40:53  INFO      EarlyStopping                    	| EarlyStopping counter: 9 out of 200
19:17:56  INFO      train_with_lr_scheduler          	| End training epoch number 40 from 100 / at 2798.0734639167786s
19:17:56  INFO      train_with_lr_scheduler          	| Current best validation loss = 9.316204071044922
19:17:56  INFO      train_with_lr_scheduler          	| --------------------
19:17:56  INFO      train_with_lr_scheduler          	|  
19:27:21  INFO      train_with_lr_scheduler          	| [Epoch: 41, step: 0] / lr = 0.001
19:27:21  INFO      train_with_lr_scheduler          	| 	Train loss: 9.11154556274414, 	 Validation loss: 12.327731132507324
19:27:21  INFO      train_with_lr_scheduler          	|   Elapsed Time for 200 step: 565.3849761486053s
19:27:21  INFO      EarlyStopping                    	| EarlyStopping counter: 10 out of 200
20:04:10  INFO      train_with_lr_scheduler          	| End training epoch number 41 from 100 / at 2774.6423213481903s
20:04:10  INFO      train_with_lr_scheduler          	| Current best validation loss = 9.316204071044922
20:04:10  INFO      train_with_lr_scheduler          	| --------------------
20:04:10  INFO      train_with_lr_scheduler          	|  
20:13:36  INFO      train_with_lr_scheduler          	| [Epoch: 42, step: 0] / lr = 0.001
20:13:36  INFO      train_with_lr_scheduler          	| 	Train loss: 8.963653564453125, 	 Validation loss: 10.124250411987305
20:13:36  INFO      train_with_lr_scheduler          	|   Elapsed Time for 200 step: 565.7360157966614s
20:13:36  INFO      EarlyStopping                    	| EarlyStopping counter: 11 out of 200
20:50:46  INFO      train_with_lr_scheduler          	| End training epoch number 42 from 100 / at 2795.674257993698s
20:50:46  INFO      train_with_lr_scheduler          	| Current best validation loss = 9.316204071044922
20:50:46  INFO      train_with_lr_scheduler          	| --------------------
20:50:46  INFO      train_with_lr_scheduler          	|  
21:00:14  INFO      train_with_lr_scheduler          	| [Epoch: 43, step: 0] / lr = 0.001
21:00:14  INFO      train_with_lr_scheduler          	| 	Train loss: 9.381625175476074, 	 Validation loss: 10.465827941894531
21:00:14  INFO      train_with_lr_scheduler          	|   Elapsed Time for 200 step: 567.6983668804169s
21:00:14  INFO      EarlyStopping                    	| EarlyStopping counter: 12 out of 200
21:37:04  INFO      train_with_lr_scheduler          	| End training epoch number 43 from 100 / at 2778.3890771865845s
21:37:04  INFO      train_with_lr_scheduler          	| Current best validation loss = 9.316204071044922
21:37:04  INFO      train_with_lr_scheduler          	| --------------------
21:37:04  INFO      train_with_lr_scheduler          	|  
21:46:29  INFO      train_with_lr_scheduler          	| [Epoch: 44, step: 0] / lr = 0.001
21:46:29  INFO      train_with_lr_scheduler          	| 	Train loss: 8.596524238586426, 	 Validation loss: 10.305957794189453
21:46:29  INFO      train_with_lr_scheduler          	|   Elapsed Time for 200 step: 564.2592871189117s
21:46:29  INFO      EarlyStopping                    	| EarlyStopping counter: 13 out of 200
22:23:20  INFO      train_with_lr_scheduler          	| End training epoch number 44 from 100 / at 2775.1167743206024s
22:23:20  INFO      train_with_lr_scheduler          	| Current best validation loss = 9.316204071044922
22:23:20  INFO      train_with_lr_scheduler          	| --------------------
22:23:20  INFO      train_with_lr_scheduler          	|  
22:32:47  INFO      train_with_lr_scheduler          	| [Epoch: 45, step: 0] / lr = 0.001
22:32:47  INFO      train_with_lr_scheduler          	| 	Train loss: 8.805194854736328, 	 Validation loss: 15.045804977416992
22:32:47  INFO      train_with_lr_scheduler          	|   Elapsed Time for 200 step: 567.7811319828033s
22:32:47  INFO      EarlyStopping                    	| EarlyStopping counter: 14 out of 200
23:09:30  INFO      train_with_lr_scheduler          	| End training epoch number 45 from 100 / at 2770.074811220169s
23:09:30  INFO      train_with_lr_scheduler          	| Current best validation loss = 9.316204071044922
23:09:30  INFO      train_with_lr_scheduler          	| --------------------
23:09:30  INFO      train_with_lr_scheduler          	|  
23:18:56  INFO      train_with_lr_scheduler          	| [Epoch: 46, step: 0] / lr = 0.001
23:18:56  INFO      train_with_lr_scheduler          	| 	Train loss: 8.418427467346191, 	 Validation loss: 9.58161449432373
23:18:56  INFO      train_with_lr_scheduler          	|   Elapsed Time for 200 step: 565.8736650943756s
23:18:56  INFO      EarlyStopping                    	| EarlyStopping counter: 15 out of 200
23:55:59  INFO      train_with_lr_scheduler          	| End training epoch number 46 from 100 / at 2789.3108851909637s
23:55:59  INFO      train_with_lr_scheduler          	| Current best validation loss = 9.316204071044922
23:55:59  INFO      train_with_lr_scheduler          	| --------------------
23:55:59  INFO      train_with_lr_scheduler          	|  
00:05:25  INFO      train_with_lr_scheduler          	| [Epoch: 47, step: 0] / lr = 0.001
00:05:25  INFO      train_with_lr_scheduler          	| 	Train loss: 9.136577606201172, 	 Validation loss: 11.181516647338867
00:05:25  INFO      train_with_lr_scheduler          	|   Elapsed Time for 200 step: 566.3663129806519s
00:05:25  INFO      EarlyStopping                    	| EarlyStopping counter: 16 out of 200
00:42:11  INFO      train_with_lr_scheduler          	| End training epoch number 47 from 100 / at 2771.9514832496643s
00:42:11  INFO      train_with_lr_scheduler          	| Current best validation loss = 9.316204071044922
00:42:11  INFO      train_with_lr_scheduler          	| --------------------
00:42:11  INFO      train_with_lr_scheduler          	|  
00:51:36  INFO      train_with_lr_scheduler          	| [Epoch: 48, step: 0] / lr = 0.001
00:51:36  INFO      train_with_lr_scheduler          	| 	Train loss: 8.863264083862305, 	 Validation loss: 12.583111763000488
00:51:36  INFO      train_with_lr_scheduler          	|   Elapsed Time for 200 step: 565.0461518764496s
00:51:36  INFO      EarlyStopping                    	| EarlyStopping counter: 17 out of 200
01:28:24  INFO      train_with_lr_scheduler          	| End training epoch number 48 from 100 / at 2772.716980934143s
01:28:24  INFO      train_with_lr_scheduler          	| Current best validation loss = 9.316204071044922
01:28:24  INFO      train_with_lr_scheduler          	| --------------------
01:28:24  INFO      train_with_lr_scheduler          	|  
01:37:48  INFO      train_with_lr_scheduler          	| [Epoch: 49, step: 0] / lr = 0.001
01:37:48  INFO      train_with_lr_scheduler          	| 	Train loss: 9.556612014770508, 	 Validation loss: 8.612565040588379
01:37:48  INFO      train_with_lr_scheduler          	|   Elapsed Time for 200 step: 564.0789229869843s
01:37:48  INFO      EarlyStopping                    	| Validation loss decreased (9.316204 --> 8.612565).  Saving model ...
02:14:33  INFO      train_with_lr_scheduler          	| End training epoch number 49 from 100 / at 2768.9885749816895s
02:14:33  INFO      train_with_lr_scheduler          	| Current best validation loss = 8.612565040588379
02:14:33  INFO      train_with_lr_scheduler          	| --------------------
02:14:33  INFO      train_with_lr_scheduler          	|  
02:23:58  INFO      train_with_lr_scheduler          	| [Epoch: 50, step: 0] / lr = 0.001
02:23:58  INFO      train_with_lr_scheduler          	| 	Train loss: 8.707813262939453, 	 Validation loss: 13.188220977783203
02:23:58  INFO      train_with_lr_scheduler          	|   Elapsed Time for 200 step: 565.7329568862915s
02:23:58  INFO      EarlyStopping                    	| EarlyStopping counter: 1 out of 200
03:00:43  INFO      train_with_lr_scheduler          	| End training epoch number 50 from 100 / at 2770.457442998886s
03:00:43  INFO      train_with_lr_scheduler          	| Current best validation loss = 8.612565040588379
03:00:43  INFO      train_with_lr_scheduler          	| --------------------
03:00:43  INFO      train_with_lr_scheduler          	|  
03:10:08  INFO      train_with_lr_scheduler          	| [Epoch: 51, step: 0] / lr = 0.001
03:10:08  INFO      train_with_lr_scheduler          	| 	Train loss: 8.749516487121582, 	 Validation loss: 11.652702331542969
03:10:08  INFO      train_with_lr_scheduler          	|   Elapsed Time for 200 step: 564.7875320911407s
03:10:08  INFO      EarlyStopping                    	| EarlyStopping counter: 2 out of 200
03:46:45  INFO      train_with_lr_scheduler          	| End training epoch number 51 from 100 / at 2761.98562002182s
03:46:45  INFO      train_with_lr_scheduler          	| Current best validation loss = 8.612565040588379
03:46:45  INFO      train_with_lr_scheduler          	| --------------------
03:46:45  INFO      train_with_lr_scheduler          	|  
03:56:13  INFO      train_with_lr_scheduler          	| [Epoch: 52, step: 0] / lr = 0.001
03:56:13  INFO      train_with_lr_scheduler          	| 	Train loss: 8.718048095703125, 	 Validation loss: 10.076371192932129
03:56:13  INFO      train_with_lr_scheduler          	|   Elapsed Time for 200 step: 567.7559480667114s
03:56:13  INFO      EarlyStopping                    	| EarlyStopping counter: 3 out of 200
04:33:04  INFO      train_with_lr_scheduler          	| End training epoch number 52 from 100 / at 2778.387104988098s
04:33:04  INFO      train_with_lr_scheduler          	| Current best validation loss = 8.612565040588379
04:33:04  INFO      train_with_lr_scheduler          	| --------------------
04:33:04  INFO      train_with_lr_scheduler          	|  
04:42:34  INFO      train_with_lr_scheduler          	| [Epoch: 53, step: 0] / lr = 0.001
04:42:34  INFO      train_with_lr_scheduler          	| 	Train loss: 8.541668891906738, 	 Validation loss: 11.588369369506836
04:42:34  INFO      train_with_lr_scheduler          	|   Elapsed Time for 200 step: 570.9308309555054s
04:42:34  INFO      EarlyStopping                    	| EarlyStopping counter: 4 out of 200
05:57:18  INFO      train_with_lr_scheduler          	| End training epoch number 53 from 100 / at 5054.159783124924s
05:57:18  INFO      train_with_lr_scheduler          	| Current best validation loss = 8.612565040588379
05:57:18  INFO      train_with_lr_scheduler          	| --------------------
05:57:18  INFO      train_with_lr_scheduler          	|  
06:10:04  INFO      train_with_lr_scheduler          	| [Epoch: 54, step: 0] / lr = 0.001
06:10:04  INFO      train_with_lr_scheduler          	| 	Train loss: 8.399235725402832, 	 Validation loss: 8.256863594055176
06:10:04  INFO      train_with_lr_scheduler          	|   Elapsed Time for 200 step: 766.2721197605133s
06:10:04  INFO      EarlyStopping                    	| Validation loss decreased (8.612565 --> 8.256864).  Saving model ...
08:41:35  INFO      train_with_lr_scheduler          	| End training epoch number 54 from 100 / at 9857.699958086014s
08:41:35  INFO      train_with_lr_scheduler          	| Current best validation loss = 8.256863594055176
08:41:35  INFO      train_with_lr_scheduler          	| --------------------
08:41:35  INFO      train_with_lr_scheduler          	|  
08:51:00  INFO      train_with_lr_scheduler          	| [Epoch: 55, step: 0] / lr = 0.001
08:51:00  INFO      train_with_lr_scheduler          	| 	Train loss: 8.684706687927246, 	 Validation loss: 9.026294708251953
08:51:00  INFO      train_with_lr_scheduler          	|   Elapsed Time for 200 step: 564.7101743221283s
08:51:00  INFO      EarlyStopping                    	| EarlyStopping counter: 1 out of 200
09:46:38  INFO      train_with_lr_scheduler          	| End training epoch number 55 from 100 / at 3902.8277382850647s
09:46:38  INFO      train_with_lr_scheduler          	| Current best validation loss = 8.256863594055176
09:46:38  INFO      train_with_lr_scheduler          	| --------------------
09:46:38  INFO      train_with_lr_scheduler          	|  
09:56:35  INFO      train_with_lr_scheduler          	| [Epoch: 56, step: 0] / lr = 0.001
09:56:35  INFO      train_with_lr_scheduler          	| 	Train loss: 8.002775192260742, 	 Validation loss: 14.995941162109375
09:56:35  INFO      train_with_lr_scheduler          	|   Elapsed Time for 200 step: 597.174201965332s
09:56:35  INFO      EarlyStopping                    	| EarlyStopping counter: 2 out of 200
10:35:48  INFO      train_with_lr_scheduler          	| End training epoch number 56 from 100 / at 2949.1630527973175s
10:35:48  INFO      train_with_lr_scheduler          	| Current best validation loss = 8.256863594055176
10:35:48  INFO      train_with_lr_scheduler          	| --------------------
10:35:48  INFO      train_with_lr_scheduler          	|  
10:45:43  INFO      train_with_lr_scheduler          	| [Epoch: 57, step: 0] / lr = 0.001
10:45:43  INFO      train_with_lr_scheduler          	| 	Train loss: 8.41164493560791, 	 Validation loss: 9.725916862487793
10:45:43  INFO      train_with_lr_scheduler          	|   Elapsed Time for 200 step: 595.1209247112274s
10:45:43  INFO      EarlyStopping                    	| EarlyStopping counter: 3 out of 200
11:24:31  INFO      train_with_lr_scheduler          	| End training epoch number 57 from 100 / at 2923.5697128772736s
11:24:31  INFO      train_with_lr_scheduler          	| Current best validation loss = 8.256863594055176
11:24:31  INFO      train_with_lr_scheduler          	| --------------------
11:24:31  INFO      train_with_lr_scheduler          	|  
11:34:14  INFO      train_with_lr_scheduler          	| [Epoch: 58, step: 0] / lr = 0.001
11:34:14  INFO      train_with_lr_scheduler          	| 	Train loss: 9.076704978942871, 	 Validation loss: 9.415114402770996
11:34:14  INFO      train_with_lr_scheduler          	|   Elapsed Time for 200 step: 583.0371899604797s
11:34:14  INFO      EarlyStopping                    	| EarlyStopping counter: 4 out of 200
12:14:21  INFO      train_with_lr_scheduler          	| End training epoch number 58 from 100 / at 2990.1669347286224s
12:14:21  INFO      train_with_lr_scheduler          	| Current best validation loss = 8.256863594055176
12:14:21  INFO      train_with_lr_scheduler          	| --------------------
12:14:21  INFO      train_with_lr_scheduler          	|  
12:24:14  INFO      train_with_lr_scheduler          	| [Epoch: 59, step: 0] / lr = 0.001
12:24:14  INFO      train_with_lr_scheduler          	| 	Train loss: 8.743300437927246, 	 Validation loss: 11.64455509185791
12:24:14  INFO      train_with_lr_scheduler          	|   Elapsed Time for 200 step: 592.6927189826965s
12:24:14  INFO      EarlyStopping                    	| EarlyStopping counter: 5 out of 200
13:02:13  INFO      train_with_lr_scheduler          	| End training epoch number 59 from 100 / at 2871.045951128006s
13:02:13  INFO      train_with_lr_scheduler          	| Current best validation loss = 8.256863594055176
13:02:13  INFO      train_with_lr_scheduler          	| --------------------
13:02:13  INFO      train_with_lr_scheduler          	|  
13:11:58  INFO      train_with_lr_scheduler          	| [Epoch: 60, step: 0] / lr = 0.001
13:11:58  INFO      train_with_lr_scheduler          	| 	Train loss: 8.925921440124512, 	 Validation loss: 10.873656272888184
13:11:58  INFO      train_with_lr_scheduler          	|   Elapsed Time for 200 step: 585.4667201042175s
13:11:58  INFO      EarlyStopping                    	| EarlyStopping counter: 6 out of 200
13:50:28  INFO      train_with_lr_scheduler          	| End training epoch number 60 from 100 / at 2895.042958021164s
13:50:28  INFO      train_with_lr_scheduler          	| Current best validation loss = 8.256863594055176
13:50:28  INFO      train_with_lr_scheduler          	| --------------------
13:50:28  INFO      train_with_lr_scheduler          	|  
14:00:18  INFO      train_with_lr_scheduler          	| [Epoch: 61, step: 0] / lr = 0.001
14:00:18  INFO      train_with_lr_scheduler          	| 	Train loss: 9.298053741455078, 	 Validation loss: 11.463247299194336
14:00:18  INFO      train_with_lr_scheduler          	|   Elapsed Time for 200 step: 590.2916507720947s
14:00:18  INFO      EarlyStopping                    	| EarlyStopping counter: 7 out of 200
15:02:39  INFO      train_with_lr_scheduler          	| End training epoch number 61 from 100 / at 4331.5508778095245s
15:02:39  INFO      train_with_lr_scheduler          	| Current best validation loss = 8.256863594055176
15:02:39  INFO      train_with_lr_scheduler          	| --------------------
15:02:39  INFO      train_with_lr_scheduler          	|  
15:12:26  INFO      train_with_lr_scheduler          	| [Epoch: 62, step: 0] / lr = 0.001
15:12:26  INFO      train_with_lr_scheduler          	| 	Train loss: 9.387455940246582, 	 Validation loss: 10.19394302368164
15:12:26  INFO      train_with_lr_scheduler          	|   Elapsed Time for 200 step: 587.1621079444885s
15:12:26  INFO      EarlyStopping                    	| EarlyStopping counter: 8 out of 200
15:49:32  INFO      train_with_lr_scheduler          	| End training epoch number 62 from 100 / at 2812.3534779548645s
15:49:32  INFO      train_with_lr_scheduler          	| Current best validation loss = 8.256863594055176
15:49:32  INFO      train_with_lr_scheduler          	| --------------------
15:49:32  INFO      train_with_lr_scheduler          	|  
15:59:03  INFO      train_with_lr_scheduler          	| [Epoch: 63, step: 0] / lr = 0.001
15:59:03  INFO      train_with_lr_scheduler          	| 	Train loss: 8.751779556274414, 	 Validation loss: 16.230985641479492
15:59:03  INFO      train_with_lr_scheduler          	|   Elapsed Time for 200 step: 571.6317191123962s
15:59:03  INFO      EarlyStopping                    	| EarlyStopping counter: 9 out of 200
16:36:20  INFO      train_with_lr_scheduler          	| End training epoch number 63 from 100 / at 2808.5657799243927s
16:36:20  INFO      train_with_lr_scheduler          	| Current best validation loss = 8.256863594055176
16:36:20  INFO      train_with_lr_scheduler          	| --------------------
16:36:20  INFO      train_with_lr_scheduler          	|  
16:45:50  INFO      train_with_lr_scheduler          	| [Epoch: 64, step: 0] / lr = 0.001
16:45:50  INFO      train_with_lr_scheduler          	| 	Train loss: 8.503106117248535, 	 Validation loss: 14.664161682128906
16:45:50  INFO      train_with_lr_scheduler          	|   Elapsed Time for 200 step: 570.3532001972198s
16:45:50  INFO      EarlyStopping                    	| EarlyStopping counter: 10 out of 200
17:22:44  INFO      train_with_lr_scheduler          	| End training epoch number 64 from 100 / at 2784.319262981415s
17:22:44  INFO      train_with_lr_scheduler          	| Current best validation loss = 8.256863594055176
17:22:44  INFO      train_with_lr_scheduler          	| --------------------
17:22:44  INFO      train_with_lr_scheduler          	|  
17:32:15  INFO      train_with_lr_scheduler          	| [Epoch: 65, step: 0] / lr = 0.001
17:32:15  INFO      train_with_lr_scheduler          	| 	Train loss: 10.145973205566406, 	 Validation loss: 15.523516654968262
17:32:15  INFO      train_with_lr_scheduler          	|   Elapsed Time for 200 step: 570.893933057785s
17:32:15  INFO      EarlyStopping                    	| EarlyStopping counter: 11 out of 200
18:09:00  INFO      train_with_lr_scheduler          	| End training epoch number 65 from 100 / at 2775.3083078861237s
18:09:00  INFO      train_with_lr_scheduler          	| Current best validation loss = 8.256863594055176
18:09:00  INFO      train_with_lr_scheduler          	| --------------------
18:09:00  INFO      train_with_lr_scheduler          	|  
18:18:29  INFO      train_with_lr_scheduler          	| [Epoch: 66, step: 0] / lr = 0.001
18:18:29  INFO      train_with_lr_scheduler          	| 	Train loss: 8.674100875854492, 	 Validation loss: 10.073382377624512
18:18:29  INFO      train_with_lr_scheduler          	|   Elapsed Time for 200 step: 568.8068306446075s
18:18:29  INFO      EarlyStopping                    	| EarlyStopping counter: 12 out of 200
18:55:17  INFO      train_with_lr_scheduler          	| End training epoch number 66 from 100 / at 2777.029112815857s
18:55:17  INFO      train_with_lr_scheduler          	| Current best validation loss = 8.256863594055176
18:55:17  INFO      train_with_lr_scheduler          	| --------------------
18:55:17  INFO      train_with_lr_scheduler          	|  
19:04:45  INFO      train_with_lr_scheduler          	| [Epoch: 67, step: 0] / lr = 0.001
19:04:45  INFO      train_with_lr_scheduler          	| 	Train loss: 9.445731163024902, 	 Validation loss: 16.410415649414062
19:04:45  INFO      train_with_lr_scheduler          	|   Elapsed Time for 200 step: 568.402509689331s
19:04:45  INFO      EarlyStopping                    	| EarlyStopping counter: 13 out of 200
19:41:32  INFO      train_with_lr_scheduler          	| End training epoch number 67 from 100 / at 2775.6122739315033s
19:41:32  INFO      train_with_lr_scheduler          	| Current best validation loss = 8.256863594055176
19:41:32  INFO      train_with_lr_scheduler          	| --------------------
19:41:32  INFO      train_with_lr_scheduler          	|  
19:51:00  INFO      train_with_lr_scheduler          	| [Epoch: 68, step: 0] / lr = 0.0005
19:51:00  INFO      train_with_lr_scheduler          	| 	Train loss: 8.104422569274902, 	 Validation loss: 10.864744186401367
19:51:00  INFO      train_with_lr_scheduler          	|   Elapsed Time for 200 step: 567.5431730747223s
19:51:00  INFO      EarlyStopping                    	| EarlyStopping counter: 14 out of 200
20:27:44  INFO      train_with_lr_scheduler          	| End training epoch number 68 from 100 / at 2771.375034093857s
20:27:44  INFO      train_with_lr_scheduler          	| Current best validation loss = 8.256863594055176
20:27:44  INFO      train_with_lr_scheduler          	| --------------------
20:27:44  INFO      train_with_lr_scheduler          	|  
20:37:13  INFO      train_with_lr_scheduler          	| [Epoch: 69, step: 0] / lr = 0.0005
20:37:13  INFO      train_with_lr_scheduler          	| 	Train loss: 8.8554105758667, 	 Validation loss: 12.367289543151855
20:37:13  INFO      train_with_lr_scheduler          	|   Elapsed Time for 200 step: 569.3469791412354s
20:37:13  INFO      EarlyStopping                    	| EarlyStopping counter: 15 out of 200
21:14:02  INFO      train_with_lr_scheduler          	| End training epoch number 69 from 100 / at 2777.9650530815125s
21:14:02  INFO      train_with_lr_scheduler          	| Current best validation loss = 8.256863594055176
21:14:02  INFO      train_with_lr_scheduler          	| --------------------
21:14:02  INFO      train_with_lr_scheduler          	|  
21:23:29  INFO      train_with_lr_scheduler          	| [Epoch: 70, step: 0] / lr = 0.0005
21:23:29  INFO      train_with_lr_scheduler          	| 	Train loss: 8.438741683959961, 	 Validation loss: 11.168057441711426
21:23:29  INFO      train_with_lr_scheduler          	|   Elapsed Time for 200 step: 567.3961956501007s
21:23:29  INFO      EarlyStopping                    	| EarlyStopping counter: 16 out of 200
22:00:15  INFO      train_with_lr_scheduler          	| End training epoch number 70 from 100 / at 2772.8581068515778s
22:00:15  INFO      train_with_lr_scheduler          	| Current best validation loss = 8.256863594055176
22:00:15  INFO      train_with_lr_scheduler          	| --------------------
22:00:15  INFO      train_with_lr_scheduler          	|  
22:09:44  INFO      train_with_lr_scheduler          	| [Epoch: 71, step: 0] / lr = 0.0005
22:09:44  INFO      train_with_lr_scheduler          	| 	Train loss: 8.821565628051758, 	 Validation loss: 11.784161567687988
22:09:44  INFO      train_with_lr_scheduler          	|   Elapsed Time for 200 step: 569.1134459972382s
22:09:44  INFO      EarlyStopping                    	| EarlyStopping counter: 17 out of 200
23:29:32  INFO      train_with_lr_scheduler          	| End training epoch number 71 from 100 / at 5357.1019678115845s
23:29:32  INFO      train_with_lr_scheduler          	| Current best validation loss = 8.256863594055176
23:29:32  INFO      train_with_lr_scheduler          	| --------------------
23:29:32  INFO      train_with_lr_scheduler          	|  
23:42:45  INFO      train_with_lr_scheduler          	| [Epoch: 72, step: 0] / lr = 0.0005
23:42:45  INFO      train_with_lr_scheduler          	| 	Train loss: 8.608733177185059, 	 Validation loss: 13.06088638305664
23:42:45  INFO      train_with_lr_scheduler          	|   Elapsed Time for 200 step: 793.0415668487549s
23:42:45  INFO      EarlyStopping                    	| EarlyStopping counter: 18 out of 200
03:31:13  INFO      train_with_lr_scheduler          	| End training epoch number 72 from 100 / at 14501.068361997604s
03:31:13  INFO      train_with_lr_scheduler          	| Current best validation loss = 8.256863594055176
03:31:13  INFO      train_with_lr_scheduler          	| --------------------
03:31:13  INFO      train_with_lr_scheduler          	|  
03:41:23  INFO      train_with_lr_scheduler          	| [Epoch: 73, step: 0] / lr = 0.0005
03:41:23  INFO      train_with_lr_scheduler          	| 	Train loss: 8.515121459960938, 	 Validation loss: 9.122427940368652
03:41:23  INFO      train_with_lr_scheduler          	|   Elapsed Time for 200 step: 610.1091201305389s
03:41:23  INFO      EarlyStopping                    	| EarlyStopping counter: 19 out of 200
04:29:36  INFO      train_with_lr_scheduler          	| End training epoch number 73 from 100 / at 3503.0478768348694s
04:29:36  INFO      train_with_lr_scheduler          	| Current best validation loss = 8.256863594055176
04:29:36  INFO      train_with_lr_scheduler          	| --------------------
04:29:36  INFO      train_with_lr_scheduler          	|  
04:42:38  INFO      train_with_lr_scheduler          	| [Epoch: 74, step: 0] / lr = 0.0005
04:42:38  INFO      train_with_lr_scheduler          	| 	Train loss: 8.415056228637695, 	 Validation loss: 11.419846534729004
04:42:38  INFO      train_with_lr_scheduler          	|   Elapsed Time for 200 step: 781.9318821430206s
04:42:38  INFO      EarlyStopping                    	| EarlyStopping counter: 20 out of 200
05:24:02  INFO      train_with_lr_scheduler          	| End training epoch number 74 from 100 / at 3265.700236082077s
05:24:02  INFO      train_with_lr_scheduler          	| Current best validation loss = 8.256863594055176
05:24:02  INFO      train_with_lr_scheduler          	| --------------------
05:24:02  INFO      train_with_lr_scheduler          	|  
05:33:24  INFO      train_with_lr_scheduler          	| [Epoch: 75, step: 0] / lr = 0.0005
05:33:24  INFO      train_with_lr_scheduler          	| 	Train loss: 7.59724235534668, 	 Validation loss: 8.510045051574707
05:33:24  INFO      train_with_lr_scheduler          	|   Elapsed Time for 200 step: 562.4777629375458s
05:33:24  INFO      EarlyStopping                    	| EarlyStopping counter: 21 out of 200
06:09:55  INFO      train_with_lr_scheduler          	| End training epoch number 75 from 100 / at 2752.965888977051s
06:09:55  INFO      train_with_lr_scheduler          	| Current best validation loss = 8.256863594055176
06:09:55  INFO      train_with_lr_scheduler          	| --------------------
06:09:55  INFO      train_with_lr_scheduler          	|  
06:19:18  INFO      train_with_lr_scheduler          	| [Epoch: 76, step: 0] / lr = 0.0005
06:19:18  INFO      train_with_lr_scheduler          	| 	Train loss: 7.960640907287598, 	 Validation loss: 8.14161491394043
06:19:18  INFO      train_with_lr_scheduler          	|   Elapsed Time for 200 step: 563.8904521465302s
06:19:18  INFO      EarlyStopping                    	| Validation loss decreased (8.256864 --> 8.141615).  Saving model ...
06:55:41  INFO      train_with_lr_scheduler          	| End training epoch number 76 from 100 / at 2746.4650678634644s
06:55:41  INFO      train_with_lr_scheduler          	| Current best validation loss = 8.14161491394043
06:55:41  INFO      train_with_lr_scheduler          	| --------------------
06:55:41  INFO      train_with_lr_scheduler          	|  
08:11:00  INFO      train_with_lr_scheduler          	| [Epoch: 77, step: 0] / lr = 0.0005
08:11:00  INFO      train_with_lr_scheduler          	| 	Train loss: 9.369901657104492, 	 Validation loss: 14.40977954864502
08:11:00  INFO      train_with_lr_scheduler          	|   Elapsed Time for 200 step: 4518.7498281002045s
08:11:00  INFO      EarlyStopping                    	| EarlyStopping counter: 1 out of 200
09:50:02  INFO      train_with_lr_scheduler          	| End training epoch number 77 from 100 / at 10461.375398159027s
09:50:02  INFO      train_with_lr_scheduler          	| Current best validation loss = 8.14161491394043
09:50:02  INFO      train_with_lr_scheduler          	| --------------------
09:50:02  INFO      train_with_lr_scheduler          	|  
10:02:52  INFO      train_with_lr_scheduler          	| [Epoch: 78, step: 0] / lr = 0.0005
10:02:52  INFO      train_with_lr_scheduler          	| 	Train loss: 8.702255249023438, 	 Validation loss: 14.086702346801758
10:02:52  INFO      train_with_lr_scheduler          	|   Elapsed Time for 200 step: 769.1270380020142s
10:02:52  INFO      EarlyStopping                    	| EarlyStopping counter: 2 out of 200
10:53:48  INFO      train_with_lr_scheduler          	| End training epoch number 78 from 100 / at 3825.08438706398s
10:53:48  INFO      train_with_lr_scheduler          	| Current best validation loss = 8.14161491394043
10:53:48  INFO      train_with_lr_scheduler          	| --------------------
10:53:48  INFO      train_with_lr_scheduler          	|  
11:07:01  INFO      train_with_lr_scheduler          	| [Epoch: 79, step: 0] / lr = 0.0005
11:07:01  INFO      train_with_lr_scheduler          	| 	Train loss: 8.428852081298828, 	 Validation loss: 10.36491584777832
11:07:01  INFO      train_with_lr_scheduler          	|   Elapsed Time for 200 step: 793.4436039924622s
11:07:01  INFO      EarlyStopping                    	| EarlyStopping counter: 3 out of 200
11:58:03  INFO      train_with_lr_scheduler          	| End training epoch number 79 from 100 / at 3855.432877779007s
11:58:03  INFO      train_with_lr_scheduler          	| Current best validation loss = 8.14161491394043
11:58:03  INFO      train_with_lr_scheduler          	| --------------------
11:58:03  INFO      train_with_lr_scheduler          	|  
12:11:24  INFO      train_with_lr_scheduler          	| [Epoch: 80, step: 0] / lr = 0.0005
12:11:24  INFO      train_with_lr_scheduler          	| 	Train loss: 8.874675750732422, 	 Validation loss: 10.685300827026367
12:11:24  INFO      train_with_lr_scheduler          	|   Elapsed Time for 200 step: 800.8390629291534s
12:11:24  INFO      EarlyStopping                    	| EarlyStopping counter: 4 out of 200
13:17:01  INFO      train_with_lr_scheduler          	| End training epoch number 80 from 100 / at 4737.651671886444s
13:17:01  INFO      train_with_lr_scheduler          	| Current best validation loss = 8.14161491394043
13:17:01  INFO      train_with_lr_scheduler          	| --------------------
13:17:01  INFO      train_with_lr_scheduler          	|  
13:59:13  INFO      train_with_lr_scheduler          	| [Epoch: 81, step: 0] / lr = 0.0005
13:59:13  INFO      train_with_lr_scheduler          	| 	Train loss: 8.55928897857666, 	 Validation loss: 8.665043830871582
13:59:13  INFO      train_with_lr_scheduler          	|   Elapsed Time for 200 step: 2532.8027081489563s
13:59:13  INFO      EarlyStopping                    	| EarlyStopping counter: 5 out of 200
16:22:21  INFO      train_with_lr_scheduler          	| End training epoch number 81 from 100 / at 11120.114056110382s
16:22:21  INFO      train_with_lr_scheduler          	| Current best validation loss = 8.14161491394043
16:22:21  INFO      train_with_lr_scheduler          	| --------------------
16:22:21  INFO      train_with_lr_scheduler          	|  
16:32:36  INFO      train_with_lr_scheduler          	| [Epoch: 82, step: 0] / lr = 0.0005
16:32:36  INFO      train_with_lr_scheduler          	| 	Train loss: 8.300260543823242, 	 Validation loss: 10.278185844421387
16:32:36  INFO      train_with_lr_scheduler          	|   Elapsed Time for 200 step: 614.9380578994751s
16:32:36  INFO      EarlyStopping                    	| EarlyStopping counter: 6 out of 200
17:20:49  INFO      train_with_lr_scheduler          	| End training epoch number 82 from 100 / at 3508.5634329319s
17:20:49  INFO      train_with_lr_scheduler          	| Current best validation loss = 8.14161491394043
17:20:49  INFO      train_with_lr_scheduler          	| --------------------
17:20:49  INFO      train_with_lr_scheduler          	|  
17:33:51  INFO      train_with_lr_scheduler          	| [Epoch: 83, step: 0] / lr = 0.0005
17:33:51  INFO      train_with_lr_scheduler          	| 	Train loss: 8.178654670715332, 	 Validation loss: 14.959600448608398
17:33:51  INFO      train_with_lr_scheduler          	|   Elapsed Time for 200 step: 781.2316579818726s
17:33:51  INFO      EarlyStopping                    	| EarlyStopping counter: 7 out of 200
18:23:48  INFO      train_with_lr_scheduler          	| End training epoch number 83 from 100 / at 3778.958281993866s
18:23:48  INFO      train_with_lr_scheduler          	| Current best validation loss = 8.14161491394043
18:23:48  INFO      train_with_lr_scheduler          	| --------------------
18:23:48  INFO      train_with_lr_scheduler          	|  
18:36:50  INFO      train_with_lr_scheduler          	| [Epoch: 84, step: 0] / lr = 0.0005
18:36:50  INFO      train_with_lr_scheduler          	| 	Train loss: 8.197087287902832, 	 Validation loss: 10.342061042785645
18:36:50  INFO      train_with_lr_scheduler          	|   Elapsed Time for 200 step: 781.7954092025757s
18:36:50  INFO      EarlyStopping                    	| EarlyStopping counter: 8 out of 200
19:26:38  INFO      train_with_lr_scheduler          	| End training epoch number 84 from 100 / at 3769.9058890342712s
19:26:38  INFO      train_with_lr_scheduler          	| Current best validation loss = 8.14161491394043
19:26:38  INFO      train_with_lr_scheduler          	| --------------------
19:26:38  INFO      train_with_lr_scheduler          	|  
19:39:47  INFO      train_with_lr_scheduler          	| [Epoch: 85, step: 0] / lr = 0.0005
19:39:47  INFO      train_with_lr_scheduler          	| 	Train loss: 8.698079109191895, 	 Validation loss: 10.328377723693848
19:39:47  INFO      train_with_lr_scheduler          	|   Elapsed Time for 200 step: 788.7002999782562s
19:39:47  INFO      EarlyStopping                    	| EarlyStopping counter: 9 out of 200
20:29:54  INFO      train_with_lr_scheduler          	| End training epoch number 85 from 100 / at 3795.648486852646s
20:29:54  INFO      train_with_lr_scheduler          	| Current best validation loss = 8.14161491394043
20:29:54  INFO      train_with_lr_scheduler          	| --------------------
20:29:54  INFO      train_with_lr_scheduler          	|  
20:42:57  INFO      train_with_lr_scheduler          	| [Epoch: 86, step: 0] / lr = 0.0005
20:42:57  INFO      train_with_lr_scheduler          	| 	Train loss: 8.14333724975586, 	 Validation loss: 14.496990203857422
20:42:57  INFO      train_with_lr_scheduler          	|   Elapsed Time for 200 step: 782.7399561405182s
20:42:57  INFO      EarlyStopping                    	| EarlyStopping counter: 10 out of 200
21:32:57  INFO      train_with_lr_scheduler          	| End training epoch number 86 from 100 / at 3783.1825819015503s
21:32:57  INFO      train_with_lr_scheduler          	| Current best validation loss = 8.14161491394043
21:32:57  INFO      train_with_lr_scheduler          	| --------------------
21:32:57  INFO      train_with_lr_scheduler          	|  
21:46:16  INFO      train_with_lr_scheduler          	| [Epoch: 87, step: 0] / lr = 0.0005
21:46:16  INFO      train_with_lr_scheduler          	| 	Train loss: 9.279864311218262, 	 Validation loss: 14.931316375732422
21:46:16  INFO      train_with_lr_scheduler          	|   Elapsed Time for 200 step: 798.8886771202087s
21:46:16  INFO      EarlyStopping                    	| EarlyStopping counter: 11 out of 200
23:20:29  INFO      train_with_lr_scheduler          	| End training epoch number 87 from 100 / at 6451.627695083618s
23:20:29  INFO      train_with_lr_scheduler          	| Current best validation loss = 8.14161491394043
23:20:29  INFO      train_with_lr_scheduler          	| --------------------
23:20:29  INFO      train_with_lr_scheduler          	|  
00:18:06  INFO      train_with_lr_scheduler          	| [Epoch: 88, step: 0] / lr = 0.0005
00:18:06  INFO      train_with_lr_scheduler          	| 	Train loss: 8.136970520019531, 	 Validation loss: 16.207977294921875
00:18:06  INFO      train_with_lr_scheduler          	|   Elapsed Time for 200 step: 3457.214621782303s
00:18:06  INFO      EarlyStopping                    	| EarlyStopping counter: 12 out of 200
01:02:26  INFO      train_with_lr_scheduler          	| End training epoch number 88 from 100 / at 6117.769474983215s
01:02:27  INFO      train_with_lr_scheduler          	| Current best validation loss = 8.14161491394043
01:02:27  INFO      train_with_lr_scheduler          	| --------------------
01:02:27  INFO      train_with_lr_scheduler          	|  
01:15:07  INFO      train_with_lr_scheduler          	| [Epoch: 89, step: 0] / lr = 0.0005
01:15:07  INFO      train_with_lr_scheduler          	| 	Train loss: 7.770843029022217, 	 Validation loss: 12.071456909179688
01:15:07  INFO      train_with_lr_scheduler          	|   Elapsed Time for 200 step: 760.2977931499481s
01:15:07  INFO      EarlyStopping                    	| EarlyStopping counter: 13 out of 200
02:04:34  INFO      train_with_lr_scheduler          	| End training epoch number 89 from 100 / at 3727.084599018097s
02:04:34  INFO      train_with_lr_scheduler          	| Current best validation loss = 8.14161491394043
02:04:34  INFO      train_with_lr_scheduler          	| --------------------
02:04:34  INFO      train_with_lr_scheduler          	|  
02:17:37  INFO      train_with_lr_scheduler          	| [Epoch: 90, step: 0] / lr = 0.0005
02:17:37  INFO      train_with_lr_scheduler          	| 	Train loss: 9.511716842651367, 	 Validation loss: 14.764683723449707
02:17:37  INFO      train_with_lr_scheduler          	|   Elapsed Time for 200 step: 783.6225681304932s
02:17:37  INFO      EarlyStopping                    	| EarlyStopping counter: 14 out of 200
03:06:54  INFO      train_with_lr_scheduler          	| End training epoch number 90 from 100 / at 3740.748757123947s
03:06:54  INFO      train_with_lr_scheduler          	| Current best validation loss = 8.14161491394043
03:06:54  INFO      train_with_lr_scheduler          	| --------------------
03:06:54  INFO      train_with_lr_scheduler          	|  
03:19:52  INFO      train_with_lr_scheduler          	| [Epoch: 91, step: 0] / lr = 0.0005
03:19:52  INFO      train_with_lr_scheduler          	| 	Train loss: 8.355241775512695, 	 Validation loss: 9.02011489868164
03:19:52  INFO      train_with_lr_scheduler          	|   Elapsed Time for 200 step: 777.411395072937s
03:19:52  INFO      EarlyStopping                    	| EarlyStopping counter: 15 out of 200
08:00:28  INFO      train_with_lr_scheduler          	| End training epoch number 91 from 100 / at 17613.90474009514s
08:00:28  INFO      train_with_lr_scheduler          	| Current best validation loss = 8.14161491394043
08:00:28  INFO      train_with_lr_scheduler          	| --------------------
08:00:28  INFO      train_with_lr_scheduler          	|  
09:02:52  INFO      train_with_lr_scheduler          	| [Epoch: 92, step: 0] / lr = 0.0005
09:02:52  INFO      train_with_lr_scheduler          	| 	Train loss: 8.527427673339844, 	 Validation loss: 9.491034507751465
09:02:52  INFO      train_with_lr_scheduler          	|   Elapsed Time for 200 step: 3744.091954946518s
09:02:52  INFO      EarlyStopping                    	| EarlyStopping counter: 16 out of 200
10:23:04  INFO      train_with_lr_scheduler          	| End training epoch number 92 from 100 / at 8555.615790843964s
10:23:04  INFO      train_with_lr_scheduler          	| Current best validation loss = 8.14161491394043
10:23:04  INFO      train_with_lr_scheduler          	| --------------------
10:23:04  INFO      train_with_lr_scheduler          	|  
10:35:27  INFO      train_with_lr_scheduler          	| [Epoch: 93, step: 0] / lr = 0.0005
10:35:27  INFO      train_with_lr_scheduler          	| 	Train loss: 8.146583557128906, 	 Validation loss: 9.144527435302734
10:35:27  INFO      train_with_lr_scheduler          	|   Elapsed Time for 200 step: 743.5451338291168s
10:35:27  INFO      EarlyStopping                    	| EarlyStopping counter: 17 out of 200
11:24:36  INFO      train_with_lr_scheduler          	| End training epoch number 93 from 100 / at 3691.828643798828s
11:24:36  INFO      train_with_lr_scheduler          	| Current best validation loss = 8.14161491394043
11:24:36  INFO      train_with_lr_scheduler          	| --------------------
11:24:36  INFO      train_with_lr_scheduler          	|  
11:37:19  INFO      train_with_lr_scheduler          	| [Epoch: 94, step: 0] / lr = 0.0005
11:37:19  INFO      train_with_lr_scheduler          	| 	Train loss: 8.965457916259766, 	 Validation loss: 17.027286529541016
11:37:19  INFO      train_with_lr_scheduler          	|   Elapsed Time for 200 step: 763.5363810062408s
11:37:19  INFO      EarlyStopping                    	| EarlyStopping counter: 18 out of 200
12:27:24  INFO      train_with_lr_scheduler          	| End training epoch number 94 from 100 / at 3767.8730618953705s
12:27:24  INFO      train_with_lr_scheduler          	| Current best validation loss = 8.14161491394043
12:27:24  INFO      train_with_lr_scheduler          	| --------------------
12:27:24  INFO      train_with_lr_scheduler          	|  
12:40:10  INFO      train_with_lr_scheduler          	| [Epoch: 95, step: 0] / lr = 0.0005
12:40:10  INFO      train_with_lr_scheduler          	| 	Train loss: 8.18457317352295, 	 Validation loss: 13.621034622192383
12:40:10  INFO      train_with_lr_scheduler          	|   Elapsed Time for 200 step: 766.793044090271s
12:40:10  INFO      EarlyStopping                    	| EarlyStopping counter: 19 out of 200
13:30:06  INFO      train_with_lr_scheduler          	| End training epoch number 95 from 100 / at 3762.7245721817017s
13:30:06  INFO      train_with_lr_scheduler          	| Current best validation loss = 8.14161491394043
13:30:06  INFO      train_with_lr_scheduler          	| --------------------
13:30:06  INFO      train_with_lr_scheduler          	|  
13:43:01  INFO      train_with_lr_scheduler          	| [Epoch: 96, step: 0] / lr = 0.0005
13:43:01  INFO      train_with_lr_scheduler          	| 	Train loss: 8.995890617370605, 	 Validation loss: 11.523874282836914
13:43:01  INFO      train_with_lr_scheduler          	|   Elapsed Time for 200 step: 775.069020986557s
13:43:01  INFO      EarlyStopping                    	| EarlyStopping counter: 20 out of 200
14:34:24  INFO      train_with_lr_scheduler          	| End training epoch number 96 from 100 / at 3857.763036251068s
14:34:24  INFO      train_with_lr_scheduler          	| Current best validation loss = 8.14161491394043
14:34:24  INFO      train_with_lr_scheduler          	| --------------------
14:34:24  INFO      train_with_lr_scheduler          	|  
14:47:34  INFO      train_with_lr_scheduler          	| [Epoch: 97, step: 0] / lr = 0.0005
14:47:34  INFO      train_with_lr_scheduler          	| 	Train loss: 8.80428409576416, 	 Validation loss: 8.941620826721191
14:47:34  INFO      train_with_lr_scheduler          	|   Elapsed Time for 200 step: 789.7924470901489s
14:47:34  INFO      EarlyStopping                    	| EarlyStopping counter: 21 out of 200
15:38:55  INFO      train_with_lr_scheduler          	| End training epoch number 97 from 100 / at 3870.5994079113007s
15:38:55  INFO      train_with_lr_scheduler          	| Current best validation loss = 8.14161491394043
15:38:55  INFO      train_with_lr_scheduler          	| --------------------
15:38:55  INFO      train_with_lr_scheduler          	|  
15:53:25  INFO      train_with_lr_scheduler          	| [Epoch: 98, step: 0] / lr = 0.0005
15:53:25  INFO      train_with_lr_scheduler          	| 	Train loss: 8.39975643157959, 	 Validation loss: 10.05819320678711
15:53:25  INFO      train_with_lr_scheduler          	|   Elapsed Time for 200 step: 870.1364369392395s
15:53:25  INFO      EarlyStopping                    	| EarlyStopping counter: 22 out of 200
16:44:39  INFO      train_with_lr_scheduler          	| End training epoch number 98 from 100 / at 3944.7209939956665s
16:44:39  INFO      train_with_lr_scheduler          	| Current best validation loss = 8.14161491394043
16:44:39  INFO      train_with_lr_scheduler          	| --------------------
16:44:39  INFO      train_with_lr_scheduler          	|  
16:58:09  INFO      train_with_lr_scheduler          	| [Epoch: 99, step: 0] / lr = 0.0005
16:58:09  INFO      train_with_lr_scheduler          	| 	Train loss: 9.03606128692627, 	 Validation loss: 9.07002067565918
16:58:09  INFO      train_with_lr_scheduler          	|   Elapsed Time for 200 step: 809.4370057582855s
16:58:09  INFO      EarlyStopping                    	| EarlyStopping counter: 23 out of 200
19:06:01  INFO      train_with_lr_scheduler          	| End training epoch number 99 from 100 / at 8481.87834906578s
19:06:01  INFO      train_with_lr_scheduler          	| Current best validation loss = 8.14161491394043
19:06:01  INFO      train_with_lr_scheduler          	| --------------------
19:06:01  INFO      train_with_lr_scheduler          	|  
19:17:18  INFO      train_with_lr_scheduler          	| [Epoch: 100, step: 0] / lr = 0.0005
19:17:18  INFO      train_with_lr_scheduler          	| 	Train loss: 8.51236629486084, 	 Validation loss: 16.022497177124023
19:17:18  INFO      train_with_lr_scheduler          	|   Elapsed Time for 200 step: 677.0540537834167s
19:17:18  INFO      EarlyStopping                    	| EarlyStopping counter: 24 out of 200
20:04:58  INFO      train_with_lr_scheduler          	| End training epoch number 100 from 100 / at 3536.683194875717s
20:04:58  INFO      train_with_lr_scheduler          	| Current best validation loss = 8.14161491394043
20:04:58  INFO      train_with_lr_scheduler          	| --------------------
20:04:58  INFO      train_with_lr_scheduler          	|  
20:04:58  INFO      main_train                       	| -------------------Train step done-------------------

20:04:58  INFO      main_train                       	| End KFold number 0, elapsed time: 11:21:11
20:04:58  INFO      main_train                       	| Best validation loss: 8.14161491394043.

20:04:58  INFO      main_train                       	| ===================================================================================

20:04:58  INFO      main_train                       	| Training is finished.
20:04:58  INFO      main_train                       	| Model mean loss = 8.14161491394043
20:04:58  INFO      main_train                       	| Execution finished and saved at: ./results/networks_finetune/26-06-10-0943
